<?xml version="1.0" encoding="UTF-8"?>
<!-- Generated by org.testng.reporters.JUnitReportReporter -->
<testsuite hostname="DESKTOP-2M3SMF0" failures="0" tests="2" name="SWag_test.Test_High_to_LowSWAG" time="0.089" errors="0" timestamp="2023-03-04T12:34:42 EET" skipped="0">
  <testcase classname="SWag_test.Test_High_to_LowSWAG" name="check" time="0.005"/>
  <system-out/>
  <testcase classname="SWag_test.Test_High_to_LowSWAG" name="arrang_high_low" time="0.084"/>
  <system-out/>
</testsuite> <!-- SWag_test.Test_High_to_LowSWAG -->
