<?xml version="1.0" encoding="UTF-8"?>
<!-- Generated by org.testng.reporters.JUnitReportReporter -->
<testsuite hostname="DESKTOP-2M3SMF0" failures="0" tests="2" name="SWag_test.SWAG" time="0.151" errors="0" timestamp="2023-03-04T12:53:18 EET" skipped="0">
  <testcase classname="SWag_test.SWAG" name="check_process" time="0.045"/>
  <system-out/>
  <testcase classname="SWag_test.SWAG" name="arrange_low_high" time="0.106"/>
  <system-out/>
</testsuite> <!-- SWag_test.SWAG -->
